<?xml version="1.0" encoding="UTF-8"?>
<!-- Generated by org.testng.reporters.JUnitReportReporter -->
<testsuite hostname="DESKTOP-NJ7HIPC" failures="0" tests="1" name="pgModel.loginPage" time="10.962" errors="0" timestamp="2023-01-19T23:12:02 IST" skipped="0">
  <testcase classname="pgModel.loginPage" name="f" time="10.962"/>
  <system-out/>
</testsuite> <!-- pgModel.loginPage -->
