<?xml version="1.0" encoding="UTF-8"?>
<!-- Generated by org.testng.reporters.JUnitReportReporter -->
<testsuite hostname="DESKTOP-NJ7HIPC" failures="0" tests="3" name="finalc.finalclass" time="17.711" errors="0" timestamp="2023-02-08T17:09:58 IST" skipped="0">
  <testcase classname="finalc.finalclass" name="launch" time="14.413"/>
  <system-out/>
  <testcase classname="finalc.finalclass" name="al" time="1.252"/>
  <system-out/>
  <testcase classname="finalc.finalclass" name="dd" time="2.046"/>
  <system-out/>
</testsuite> <!-- finalc.finalclass -->
