<?xml version="1.0" encoding="UTF-8"?>
<!-- Generated by org.testng.reporters.JUnitReportReporter -->
<testsuite hostname="DESKTOP-NJ7HIPC" failures="0" tests="2" name="pageobjectmodel.page2" time="9.437" errors="0" timestamp="2022-12-19T10:28:25 IST" skipped="0">
  <testcase classname="pageobjectmodel.page2" name="rullall" time="0.533"/>
  <system-out/>
  <testcase classname="pageobjectmodel.page2" name="SetaProperties" time="8.904"/>
  <system-out/>
</testsuite> <!-- pageobjectmodel.page2 -->
